# JRE version: Java(TM) SE Runtime Environment (8.0_171-b11) (build 1.8.0_171-b11)
# Java VM: Java HotSpot(TM) 64-Bit Server VM (25.171-b11 mixed mode windows-amd64 compressed oops)
Heap:
 PSYoungGen      total 208384K, used 66300K [0x00000000d6600000, 0x00000000e5d80000, 0x0000000100000000)
  eden space 194560K, 26% used [0x00000000d6600000,0x00000000d9943260,0x00000000e2400000)
  from space 13824K, 99% used [0x00000000e2400000,0x00000000e317c0f8,0x00000000e3180000)
  to   space 12800K, 0% used [0x00000000e3180000,0x00000000e3180000,0x00000000e3e00000)
 ParOldGen       total 77312K, used 20399K [0x0000000083200000, 0x0000000087d80000, 0x00000000d6600000)
  object space 77312K, 26% used [0x0000000083200000,0x00000000845ebc70,0x0000000087d80000)
 Metaspace       used 47966K, capacity 49370K, committed 49536K, reserved 1091584K
  class space    used 6586K, capacity 6970K, committed 7040K, reserved 1048576K
GC Heap History (10 events):
Event: 2.960 GC heap before
{Heap before GC invocations=7 (full 1):
 PSYoungGen      total 70656K, used 65536K [0x00000000d6600000, 0x00000000dfb00000, 0x0000000100000000)
  eden space 65536K, 100% used [0x00000000d6600000,0x00000000da600000,0x00000000da600000)
  from space 5120K, 0% used [0x00000000da600000,0x00000000da600000,0x00000000dab00000)
  to   space 10752K, 0% used [0x00000000df080000,0x00000000df080000,0x00000000dfb00000)
 ParOldGen       total 57856K, used 12421K [0x0000000083200000, 0x0000000086a80000, 0x00000000d6600000)
  object space 57856K, 21% used [0x0000000083200000,0x0000000083e21630,0x0000000086a80000)
 Metaspace       used 26665K, capacity 27108K, committed 27520K, reserved 1073152K
  class space    used 3722K, capacity 3857K, committed 3968K, reserved 1048576K
Event: 2.965 GC heap after
Heap after GC invocations=7 (full 1):
 PSYoungGen      total 121344K, used 6404K [0x00000000d6600000, 0x00000000df700000, 0x0000000100000000)
  eden space 114688K, 0% used [0x00000000d6600000,0x00000000d6600000,0x00000000dd600000)
  from space 6656K, 96% used [0x00000000df080000,0x00000000df6c1270,0x00000000df700000)
  to   space 10240K, 0% used [0x00000000de300000,0x00000000de300000,0x00000000ded00000)
 ParOldGen       total 57856K, used 12429K [0x0000000083200000, 0x0000000086a80000, 0x00000000d6600000)
  object space 57856K, 21% used [0x0000000083200000,0x0000000083e23630,0x0000000086a80000)
 Metaspace       used 26665K, capacity 27108K, committed 27520K, reserved 1073152K
  class space    used 3722K, capacity 3857K, committed 3968K, reserved 1048576K
}
Event: 4.116 GC heap before
{Heap before GC invocations=8 (full 1):
 PSYoungGen      total 121344K, used 121092K [0x00000000d6600000, 0x00000000df700000, 0x0000000100000000)
  eden space 114688K, 100% used [0x00000000d6600000,0x00000000dd600000,0x00000000dd600000)
  from space 6656K, 96% used [0x00000000df080000,0x00000000df6c1270,0x00000000df700000)
  to   space 10240K, 0% used [0x00000000de300000,0x00000000de300000,0x00000000ded00000)
 ParOldGen       total 57856K, used 12429K [0x0000000083200000, 0x0000000086a80000, 0x00000000d6600000)
  object space 57856K, 21% used [0x0000000083200000,0x0000000083e23630,0x0000000086a80000)
 Metaspace       used 34155K, capacity 34802K, committed 35072K, reserved 1079296K
  class space    used 4652K, capacity 4812K, committed 4864K, reserved 1048576K
Event: 4.130 GC heap after
Heap after GC invocations=8 (full 1):
 PSYoungGen      total 138240K, used 10218K [0x00000000d6600000, 0x00000000e3e00000, 0x0000000100000000)
  eden space 128000K, 0% used [0x00000000d6600000,0x00000000d6600000,0x00000000de300000)
  from space 10240K, 99% used [0x00000000de300000,0x00000000decfa8e8,0x00000000ded00000)
  to   space 12800K, 0% used [0x00000000e3180000,0x00000000e3180000,0x00000000e3e00000)
 ParOldGen       total 57856K, used 14821K [0x0000000083200000, 0x0000000086a80000, 0x00000000d6600000)
  object space 57856K, 25% used [0x0000000083200000,0x0000000084079778,0x0000000086a80000)
 Metaspace       used 34155K, capacity 34802K, committed 35072K, reserved 1079296K
  class space    used 4652K, capacity 4812K, committed 4864K, reserved 1048576K
}
Event: 4.261 GC heap before
{Heap before GC invocations=9 (full 1):
 PSYoungGen      total 138240K, used 33435K [0x00000000d6600000, 0x00000000e3e00000, 0x0000000100000000)
  eden space 128000K, 18% used [0x00000000d6600000,0x00000000d7cac498,0x00000000de300000)
  from space 10240K, 99% used [0x00000000de300000,0x00000000decfa8e8,0x00000000ded00000)
  to   space 12800K, 0% used [0x00000000e3180000,0x00000000e3180000,0x00000000e3e00000)
 ParOldGen       total 57856K, used 14821K [0x0000000083200000, 0x0000000086a80000, 0x00000000d6600000)
  object space 57856K, 25% used [0x0000000083200000,0x0000000084079778,0x0000000086a80000)
 Metaspace       used 34609K, capacity 35232K, committed 35456K, reserved 1079296K
  class space    used 4727K, capacity 4933K, committed 4992K, reserved 1048576K
Event: 4.276 GC heap after
Heap after GC invocations=9 (full 1):
 PSYoungGen      total 207360K, used 11096K [0x00000000d6600000, 0x00000000e5d80000, 0x0000000100000000)
  eden space 194560K, 0% used [0x00000000d6600000,0x00000000d6600000,0x00000000e2400000)
  from space 12800K, 86% used [0x00000000e3180000,0x00000000e3c56200,0x00000000e3e00000)
  to   space 13824K, 0% used [0x00000000e2400000,0x00000000e2400000,0x00000000e3180000)
 ParOldGen       total 57856K, used 14829K [0x0000000083200000, 0x0000000086a80000, 0x00000000d6600000)
  object space 57856K, 25% used [0x0000000083200000,0x000000008407b778,0x0000000086a80000)
 Metaspace       used 34609K, capacity 35232K, committed 35456K, reserved 1079296K
  class space    used 4727K, capacity 4933K, committed 4992K, reserved 1048576K
}
Event: 4.276 GC heap before
{Heap before GC invocations=10 (full 2):
 PSYoungGen      total 207360K, used 11096K [0x00000000d6600000, 0x00000000e5d80000, 0x0000000100000000)
  eden space 194560K, 0% used [0x00000000d6600000,0x00000000d6600000,0x00000000e2400000)
  from space 12800K, 86% used [0x00000000e3180000,0x00000000e3c56200,0x00000000e3e00000)
  to   space 13824K, 0% used [0x00000000e2400000,0x00000000e2400000,0x00000000e3180000)
 ParOldGen       total 57856K, used 14829K [0x0000000083200000, 0x0000000086a80000, 0x00000000d6600000)
  object space 57856K, 25% used [0x0000000083200000,0x000000008407b778,0x0000000086a80000)
 Metaspace       used 34609K, capacity 35232K, committed 35456K, reserved 1079296K
  class space    used 4727K, capacity 4933K, committed 4992K, reserved 1048576K
Event: 4.356 GC heap after
Heap after GC invocations=10 (full 2):
 PSYoungGen      total 207360K, used 0K [0x00000000d6600000, 0x00000000e5d80000, 0x0000000100000000)
  eden space 194560K, 0% used [0x00000000d6600000,0x00000000d6600000,0x00000000e2400000)
  from space 12800K, 0% used [0x00000000e3180000,0x00000000e3180000,0x00000000e3e00000)
  to   space 13824K, 0% used [0x00000000e2400000,0x00000000e2400000,0x00000000e3180000)
 ParOldGen       total 77312K, used 18370K [0x0000000083200000, 0x0000000087d80000, 0x00000000d6600000)
  object space 77312K, 23% used [0x0000000083200000,0x00000000843f0b20,0x0000000087d80000)
 Metaspace       used 34609K, capacity 35232K, committed 35456K, reserved 1079296K
  class space    used 4727K, capacity 4933K, committed 4992K, reserved 1048576K
}
Event: 6.150 GC heap before
{Heap before GC invocations=11 (full 2):
 PSYoungGen      total 207360K, used 194560K [0x00000000d6600000, 0x00000000e5d80000, 0x0000000100000000)
  eden space 194560K, 100% used [0x00000000d6600000,0x00000000e2400000,0x00000000e2400000)
  from space 12800K, 0% used [0x00000000e3180000,0x00000000e3180000,0x00000000e3e00000)
  to   space 13824K, 0% used [0x00000000e2400000,0x00000000e2400000,0x00000000e3180000)
 ParOldGen       total 77312K, used 18370K [0x0000000083200000, 0x0000000087d80000, 0x00000000d6600000)
  object space 77312K, 23% used [0x0000000083200000,0x00000000843f0b20,0x0000000087d80000)
 Metaspace       used 46390K, capacity 47570K, committed 47744K, reserved 1089536K
  class space    used 6360K, capacity 6698K, committed 6784K, reserved 1048576K
Event: 6.166 GC heap after
Heap after GC invocations=11 (full 2):
 PSYoungGen      total 208384K, used 13808K [0x00000000d6600000, 0x00000000e5d80000, 0x0000000100000000)
  eden space 194560K, 0% used [0x00000000d6600000,0x00000000d6600000,0x00000000e2400000)
  from space 13824K, 99% used [0x00000000e2400000,0x00000000e317c0f8,0x00000000e3180000)
  to   space 12800K, 0% used [0x00000000e3180000,0x00000000e3180000,0x00000000e3e00000)
 ParOldGen       total 77312K, used 20399K [0x0000000083200000, 0x0000000087d80000, 0x00000000d6600000)
  object space 77312K, 26% used [0x0000000083200000,0x00000000845ebc70,0x0000000087d80000)
 Metaspace       used 46390K, capacity 47570K, committed 47744K, reserved 1089536K
  class space    used 6360K, capacity 6698K, committed 6784K, reserved 1048576K
}

